\BOOKMARK [0][-]{chapter.1}{\376\377\0001\000\040\000C\000l\000a\000s\000s\000\040\000I\000n\000d\000e\000x}{}% 1
\BOOKMARK [1][-]{section.1.1}{\376\377\0001\000.\0001\000\040\000C\000l\000a\000s\000s\000\040\000L\000i\000s\000t}{chapter.1}% 2
\BOOKMARK [0][-]{chapter.2}{\376\377\0002\000\040\000C\000l\000a\000s\000s\000\040\000D\000o\000c\000u\000m\000e\000n\000t\000a\000t\000i\000o\000n}{}% 3
\BOOKMARK [1][-]{section.2.1}{\376\377\0002\000.\0001\000\040\000R\000R\000T\000.\000a\000l\000g\000o\000r\000i\000t\000h\000m\000.\000b\000a\000s\000i\000c\000R\000R\000T\000.\000B\000a\000s\000i\000c\000R\000R\000T\000\040\000C\000l\000a\000s\000s\000\040\000R\000e\000f\000e\000r\000e\000n\000c\000e}{chapter.2}% 4
\BOOKMARK [2][-]{subsection.2.1.1}{\376\377\0002\000.\0001\000.\0001\000\040\000D\000e\000t\000a\000i\000l\000e\000d\000\040\000D\000e\000s\000c\000r\000i\000p\000t\000i\000o\000n}{section.2.1}% 5
\BOOKMARK [2][-]{subsection.2.1.2}{\376\377\0002\000.\0001\000.\0002\000\040\000C\000o\000n\000s\000t\000r\000u\000c\000t\000o\000r\000\040\000\046\000\040\000D\000e\000s\000t\000r\000u\000c\000t\000o\000r\000\040\000D\000o\000c\000u\000m\000e\000n\000t\000a\000t\000i\000o\000n}{section.2.1}% 6
\BOOKMARK [3][-]{subsubsection.2.1.2.1}{\376\377\0002\000.\0001\000.\0002\000.\0001\000\040\000\137\000\137\000i\000n\000i\000t\000\137\000\137\000\050\000\051}{subsection.2.1.2}% 7
\BOOKMARK [2][-]{subsection.2.1.3}{\376\377\0002\000.\0001\000.\0003\000\040\000M\000e\000m\000b\000e\000r\000\040\000F\000u\000n\000c\000t\000i\000o\000n\000\040\000D\000o\000c\000u\000m\000e\000n\000t\000a\000t\000i\000o\000n}{section.2.1}% 8
\BOOKMARK [3][-]{subsubsection.2.1.3.1}{\376\377\0002\000.\0001\000.\0003\000.\0001\000\040\000r\000u\000n\000\050\000\051}{subsection.2.1.3}% 9
\BOOKMARK [1][-]{section.2.2}{\376\377\0002\000.\0002\000\040\000R\000R\000T\000.\000c\000o\000r\000e\000.\000d\000r\000o\000n\000e\000i\000n\000f\000o\000.\000D\000r\000o\000n\000e\000I\000n\000f\000o\000\040\000C\000l\000a\000s\000s\000\040\000R\000e\000f\000e\000r\000e\000n\000c\000e}{chapter.2}% 10
\BOOKMARK [1][-]{section.2.3}{\376\377\0002\000.\0003\000\040\000R\000R\000T\000.\000c\000o\000r\000e\000.\000m\000a\000p\000i\000n\000f\000o\000.\000M\000a\000p\000I\000n\000f\000o\000\040\000C\000l\000a\000s\000s\000\040\000R\000e\000f\000e\000r\000e\000n\000c\000e}{chapter.2}% 11
\BOOKMARK [2][-]{subsection.2.3.1}{\376\377\0002\000.\0003\000.\0001\000\040\000C\000o\000n\000s\000t\000r\000u\000c\000t\000o\000r\000\040\000\046\000\040\000D\000e\000s\000t\000r\000u\000c\000t\000o\000r\000\040\000D\000o\000c\000u\000m\000e\000n\000t\000a\000t\000i\000o\000n}{section.2.3}% 12
\BOOKMARK [3][-]{subsubsection.2.3.1.1}{\376\377\0002\000.\0003\000.\0001\000.\0001\000\040\000\137\000\137\000i\000n\000i\000t\000\137\000\137\000\050\000\051}{subsection.2.3.1}% 13
\BOOKMARK [2][-]{subsection.2.3.2}{\376\377\0002\000.\0003\000.\0002\000\040\000M\000e\000m\000b\000e\000r\000\040\000F\000u\000n\000c\000t\000i\000o\000n\000\040\000D\000o\000c\000u\000m\000e\000n\000t\000a\000t\000i\000o\000n}{section.2.3}% 14
\BOOKMARK [3][-]{subsubsection.2.3.2.1}{\376\377\0002\000.\0003\000.\0002\000.\0001\000\040\000i\000s\000\137\000f\000e\000a\000s\000i\000b\000l\000e\000\050\000\051}{subsection.2.3.2}% 15
\BOOKMARK [1][-]{section.2.4}{\376\377\0002\000.\0004\000\040\000R\000R\000T\000.\000c\000o\000r\000e\000.\000m\000i\000s\000s\000i\000o\000n\000i\000n\000f\000o\000.\000M\000i\000s\000s\000i\000o\000n\000I\000n\000f\000o\000\040\000C\000l\000a\000s\000s\000\040\000R\000e\000f\000e\000r\000e\000n\000c\000e}{chapter.2}% 16
\BOOKMARK [1][-]{section.2.5}{\376\377\0002\000.\0005\000\040\000R\000R\000T\000.\000c\000o\000r\000e\000.\000r\000o\000u\000t\000e\000i\000n\000f\000o\000.\000R\000o\000u\000t\000e\000I\000n\000f\000o\000\040\000C\000l\000a\000s\000s\000\040\000R\000e\000f\000e\000r\000e\000n\000c\000e}{chapter.2}% 17
\BOOKMARK [2][-]{subsection.2.5.1}{\376\377\0002\000.\0005\000.\0001\000\040\000C\000o\000n\000s\000t\000r\000u\000c\000t\000o\000r\000\040\000\046\000\040\000D\000e\000s\000t\000r\000u\000c\000t\000o\000r\000\040\000D\000o\000c\000u\000m\000e\000n\000t\000a\000t\000i\000o\000n}{section.2.5}% 18
\BOOKMARK [3][-]{subsubsection.2.5.1.1}{\376\377\0002\000.\0005\000.\0001\000.\0001\000\040\000\137\000\137\000i\000n\000i\000t\000\137\000\137\000\050\000\051}{subsection.2.5.1}% 19
\BOOKMARK [2][-]{subsection.2.5.2}{\376\377\0002\000.\0005\000.\0002\000\040\000M\000e\000m\000b\000e\000r\000\040\000F\000u\000n\000c\000t\000i\000o\000n\000\040\000D\000o\000c\000u\000m\000e\000n\000t\000a\000t\000i\000o\000n}{section.2.5}% 20
\BOOKMARK [3][-]{subsubsection.2.5.2.1}{\376\377\0002\000.\0005\000.\0002\000.\0001\000\040\000g\000e\000t\000\137\000l\000e\000n\000g\000t\000h\000\050\000\051}{subsection.2.5.2}% 21
\BOOKMARK [3][-]{subsubsection.2.5.2.2}{\376\377\0002\000.\0005\000.\0002\000.\0002\000\040\000g\000e\000t\000\137\000r\000o\000u\000t\000e\000\050\000\051}{subsection.2.5.2}% 22
\BOOKMARK [3][-]{subsubsection.2.5.2.3}{\376\377\0002\000.\0005\000.\0002\000.\0003\000\040\000i\000s\000\137\000f\000e\000a\000s\000i\000b\000l\000e\000\050\000\051}{subsection.2.5.2}% 23
\BOOKMARK [1][-]{section.2.6}{\376\377\0002\000.\0006\000\040\000R\000R\000T\000.\000c\000o\000r\000e\000.\000t\000r\000e\000e\000.\000R\000R\000T\000\040\000C\000l\000a\000s\000s\000\040\000R\000e\000f\000e\000r\000e\000n\000c\000e}{chapter.2}% 24
\BOOKMARK [2][-]{subsection.2.6.1}{\376\377\0002\000.\0006\000.\0001\000\040\000C\000o\000n\000s\000t\000r\000u\000c\000t\000o\000r\000\040\000\046\000\040\000D\000e\000s\000t\000r\000u\000c\000t\000o\000r\000\040\000D\000o\000c\000u\000m\000e\000n\000t\000a\000t\000i\000o\000n}{section.2.6}% 25
\BOOKMARK [3][-]{subsubsection.2.6.1.1}{\376\377\0002\000.\0006\000.\0001\000.\0001\000\040\000\137\000\137\000i\000n\000i\000t\000\137\000\137\000\050\000\051}{subsection.2.6.1}% 26
\BOOKMARK [2][-]{subsection.2.6.2}{\376\377\0002\000.\0006\000.\0002\000\040\000M\000e\000m\000b\000e\000r\000\040\000F\000u\000n\000c\000t\000i\000o\000n\000\040\000D\000o\000c\000u\000m\000e\000n\000t\000a\000t\000i\000o\000n}{section.2.6}% 27
\BOOKMARK [3][-]{subsubsection.2.6.2.1}{\376\377\0002\000.\0006\000.\0002\000.\0001\000\040\000a\000d\000d\000\137\000e\000d\000g\000e\000\050\000\051}{subsection.2.6.2}% 28
\BOOKMARK [3][-]{subsubsection.2.6.2.2}{\376\377\0002\000.\0006\000.\0002\000.\0002\000\040\000a\000d\000d\000\137\000n\000o\000d\000e\000\050\000\051}{subsection.2.6.2}% 29
\BOOKMARK [3][-]{subsubsection.2.6.2.3}{\376\377\0002\000.\0006\000.\0002\000.\0003\000\040\000g\000e\000t\000\137\000e\000d\000g\000e\000s\000\050\000\051}{subsection.2.6.2}% 30
\BOOKMARK [3][-]{subsubsection.2.6.2.4}{\376\377\0002\000.\0006\000.\0002\000.\0004\000\040\000g\000e\000t\000\137\000n\000e\000a\000r\000e\000s\000t\000\137\000n\000e\000i\000g\000h\000b\000o\000r\000s\000\050\000\051}{subsection.2.6.2}% 31
\BOOKMARK [3][-]{subsubsection.2.6.2.5}{\376\377\0002\000.\0006\000.\0002\000.\0005\000\040\000g\000e\000t\000\137\000n\000o\000d\000e\000s\000\050\000\051}{subsection.2.6.2}% 32
\BOOKMARK [3][-]{subsubsection.2.6.2.6}{\376\377\0002\000.\0006\000.\0002\000.\0006\000\040\000g\000e\000t\000\137\000r\000o\000u\000t\000e\000\050\000\051}{subsection.2.6.2}% 33
\BOOKMARK [3][-]{subsubsection.2.6.2.7}{\376\377\0002\000.\0006\000.\0002\000.\0007\000\040\000m\000e\000r\000g\000e\000\137\000f\000r\000o\000m\000\137\000t\000r\000e\000e\000s\000\050\000\051}{subsection.2.6.2}% 34
\BOOKMARK [1][-]{section.2.7}{\376\377\0002\000.\0007\000\040\000R\000R\000T\000.\000a\000l\000g\000o\000r\000i\000t\000h\000m\000.\000R\000R\000T\000\137\000C\000o\000n\000n\000e\000c\000t\000.\000R\000R\000T\000\137\000C\000o\000n\000n\000e\000c\000t\000\040\000C\000l\000a\000s\000s\000\040\000R\000e\000f\000e\000r\000e\000n\000c\000e}{chapter.2}% 35
\BOOKMARK [1][-]{section.2.8}{\376\377\0002\000.\0008\000\040\000R\000R\000T\000.\000a\000l\000g\000o\000r\000i\000t\000h\000m\000.\000R\000R\000T\000\137\000S\000t\000a\000r\000.\000R\000R\000T\000\137\000S\000t\000a\000r\000\040\000C\000l\000a\000s\000s\000\040\000R\000e\000f\000e\000r\000e\000n\000c\000e}{chapter.2}% 36
